Build started 09.11.2012 15:11:21.
     1>Project "C:\Users\Bernhard\Documents\GitHub\SDP3_UE3\Cryptography\Cryptography\Cryptography.vcxproj" on node 2 (build target(s)).
     1>InitializeBuildStatus:
         Touching "Debug\Cryptography.unsuccessfulbuild".
       ClCompile:
         C:\Program Files (x86)\Microsoft Visual Studio 10.0\VC\bin\CL.exe /c /ZI /nologo /W3 /WX- /Od /Oy- /D WIN32 /D _DEBUG /D _CONSOLE /D _UNICODE /D UNICODE /Gm /EHsc /RTC1 /MDd /GS /fp:precise /Zc:wchar_t /Zc:forScope /Fo"Debug\\" /Fd"Debug\vc100.pdb" /Gd /TP /analyze- /errorReport:prompt EpcosAdapter.cpp NortelNetworksAdapter.cpp
         NortelNetworksAdapter.cpp
         EpcosAdapter.cpp
         Generating Code...
       ManifestResourceCompile:
         All outputs are up-to-date.
       Link:
         C:\Program Files (x86)\Microsoft Visual Studio 10.0\VC\bin\link.exe /ERRORREPORT:PROMPT /OUT:"C:\Users\Bernhard\Documents\GitHub\SDP3_UE3\Cryptography\Debug\Cryptography.exe" /INCREMENTAL /NOLOGO kernel32.lib user32.lib gdi32.lib winspool.lib comdlg32.lib advapi32.lib shell32.lib ole32.lib oleaut32.lib uuid.lib odbc32.lib odbccp32.lib /MANIFEST /ManifestFile:"Debug\Cryptography.exe.intermediate.manifest" /MANIFESTUAC:"level='asInvoker' uiAccess='false'" /DEBUG /PDB:"C:\Users\Bernhard\Documents\GitHub\SDP3_UE3\Cryptography\Debug\Cryptography.pdb" /SUBSYSTEM:CONSOLE /TLBID:1 /DYNAMICBASE /NXCOMPAT /IMPLIB:"C:\Users\Bernhard\Documents\GitHub\SDP3_UE3\Cryptography\Debug\Cryptography.lib" /MACHINE:X86 Debug\Cryptography.exe.embed.manifest.res
         Debug\Cryptographer.obj
         Debug\CryptographerCaeser.obj
         Debug\CryptographerRSA.obj
         Debug\EpcosAdapter.obj
         Debug\main.obj
         Debug\NortelNetworksAdapter.obj
         Debug\Object.obj
       Manifest:
         C:\Program Files (x86)\Microsoft SDKs\Windows\v7.0A\bin\mt.exe /nologo /verbose /out:"Debug\Cryptography.exe.embed.manifest" /manifest Debug\Cryptography.exe.intermediate.manifest
         All outputs are up-to-date.
       LinkEmbedManifest:
         All outputs are up-to-date.
         Cryptography.vcxproj -> C:\Users\Bernhard\Documents\GitHub\SDP3_UE3\Cryptography\Debug\Cryptography.exe
       FinalizeBuildStatus:
         Deleting file "Debug\Cryptography.unsuccessfulbuild".
         Touching "Debug\Cryptography.lastbuildstate".
     1>Done Building Project "C:\Users\Bernhard\Documents\GitHub\SDP3_UE3\Cryptography\Cryptography\Cryptography.vcxproj" (build target(s)).

Build succeeded.

Time Elapsed 00:00:00.78
